#
# A fatal error has been detected by the Java Runtime Environment:
#
#  EXCEPTION_ACCESS_VIOLATION (0xc0000005) at pc=0x0000000067731b70, pid=5508, tid=6584
#
# JRE version: 7.0_03-b05
# Java VM: Java HotSpot(TM) 64-Bit Server VM (22.1-b02 mixed mode windows-amd64 compressed oops)
# Problematic frame:
# C  [nvoglv64.DLL+0x851b70]
#
# Failed to write core dump. Minidumps are not enabled by default on client versions of Windows
#
# If you would like to submit a bug report, please visit:
#   http://bugreport.sun.com/bugreport/crash.jsp
# The crash happened outside the Java Virtual Machine in native code.
# See problematic frame for where to report the bug.
#

---------------  T H R E A D  ---------------

Current thread (0x000000000246c000):  JavaThread "main" [_thread_in_native, id=6584, stack(0x00000000027b0000,0x00000000028b0000)]

siginfo: ExceptionCode=0xc0000005, reading address 0x0000000000000000

Registers:
RAX=0x0000000000000006, RBX=0x00000000028aed20, RCX=0x0000000000000000, RDX=0x000000000036ab08
RSP=0x00000000028aecb8, RBP=0x0000000000000000, RSI=0x000000000a8c5250, RDI=0x0000000000000001
R8 =0xfffffffff573adb0, R9 =0x000000000a8c5250, R10=0x0000000066ee0000, R11=0x0000000000000000
R12=0x000000000036a938, R13=0xfffffffffdabbc18, R14=0x00000000028af190, R15=0x0000000000001b00
RIP=0x0000000067731b70, EFLAGS=0x0000000000010283

Top of Stack: (sp=0x00000000028aecb8)
0x00000000028aecb8:   0000000067731d38 0000000000000004
0x00000000028aecc8:   0000000067731d82 000000e8dcf0a523
0x00000000028aecd8:   0000000063314028 00000000bb1ba060
0x00000000028aece8:   0000000000000000 0000000000000000
0x00000000028aecf8:   000000006773281c 000000000036a780
0x00000000028aed08:   0000000000000008 0000000000000010
0x00000000028aed18:   00000000000000a6 0000000000000007
0x00000000028aed28:   0000000000000000 0000000000000001
0x00000000028aed38:   0000000000000000 0000000000000000
0x00000000028aed48:   0000000000000000 0000000000000000
0x00000000028aed58:   0000000100000000 0000000400000002
0x00000000028aed68:   0000001000000008 0000004000000020
0x00000000028aed78:   0000010000000080 0000040000000200
0x00000000028aed88:   0000100000000800 0000400000002000
0x00000000028aed98:   0000000000008000 0000000000000000
0x00000000028aeda8:   0000140600000004 0000000000000010 

Instructions: (pc=0x0000000067731b70)
0x0000000067731b50:   4b 8b 04 01 ff c1 49 83 c1 08 49 89 41 f8 3b 4a
0x0000000067731b60:   08 7c ed f3 c3 33 c9 39 4a 08 7e 17 4d 2b c1 90
0x0000000067731b70:   43 8b 04 01 ff c1 49 83 c1 04 41 89 41 fc 3b 4a
0x0000000067731b80:   08 7c ed f3 c3 0f 1f 00 bd 1a 85 00 bd 1a 85 00 


Register to memory mapping:

RAX=0x0000000000000006 is an unknown value
RBX=0x00000000028aed20 is pointing into the stack for thread: 0x000000000246c000
RCX=0x0000000000000000 is an unknown value
RDX=0x000000000036ab08 is an unknown value
RSP=0x00000000028aecb8 is pointing into the stack for thread: 0x000000000246c000
RBP=0x0000000000000000 is an unknown value
RSI=0x000000000a8c5250 is an unknown value
RDI=0x0000000000000001 is an unknown value
R8 =0xfffffffff573adb0 is an unknown value
R9 =0x000000000a8c5250 is an unknown value
R10=0x0000000066ee0000 is an unknown value
R11=0x0000000000000000 is an unknown value
R12=0x000000000036a938 is an unknown value
R13=0xfffffffffdabbc18 is an unknown value
R14=0x00000000028af190 is pointing into the stack for thread: 0x000000000246c000
R15=0x0000000000001b00 is an unknown value


Stack: [0x00000000027b0000,0x00000000028b0000],  sp=0x00000000028aecb8,  free space=1019k
Native frames: (J=compiled Java code, j=interpreted, Vv=VM code, C=native code)
C  [nvoglv64.DLL+0x851b70]

[error occurred during error reporting (printing native stack), id 0xc0000005]

Java frames: (J=compiled Java code, j=interpreted, Vv=VM code)
j  org.lwjgl.opengl.GL11.nglDrawArrays(IIIJ)V+0
j  org.lwjgl.opengl.GL11.glDrawArrays(III)V+20
j  me.tempus.src.Box.draw()V+50
j  me.tempus.src.Camera.loop()V+48
j  me.tempus.src.Camera.main([Ljava/lang/String;)V+7
v  ~StubRoutines::call_stub

---------------  P R O C E S S  ---------------

Java Threads: ( => current thread )
  0x0000000005f96800 JavaThread "Service Thread" daemon [_thread_blocked, id=7628, stack(0x0000000007210000,0x0000000007310000)]
  0x0000000005f94000 JavaThread "C2 CompilerThread1" daemon [_thread_blocked, id=7700, stack(0x0000000007a50000,0x0000000007b50000)]
  0x0000000005f83000 JavaThread "C2 CompilerThread0" daemon [_thread_blocked, id=5680, stack(0x0000000007850000,0x0000000007950000)]
  0x0000000005f76800 JavaThread "JDWP Command Reader" daemon [_thread_in_native, id=4284, stack(0x0000000007680000,0x0000000007780000)]
  0x0000000005f75000 JavaThread "JDWP Event Helper Thread" daemon [_thread_blocked, id=7704, stack(0x0000000007070000,0x0000000007170000)]
  0x0000000005f6b800 JavaThread "JDWP Transport Listener: dt_socket" daemon [_thread_blocked, id=7800, stack(0x00000000074c0000,0x00000000075c0000)]
  0x0000000005f61000 JavaThread "Attach Listener" daemon [_thread_blocked, id=5312, stack(0x0000000006930000,0x0000000006a30000)]
  0x0000000005f5b800 JavaThread "Signal Dispatcher" daemon [_thread_blocked, id=3012, stack(0x0000000006770000,0x0000000006870000)]
  0x0000000005ed8000 JavaThread "Finalizer" daemon [_thread_blocked, id=7760, stack(0x0000000006530000,0x0000000006630000)]
  0x0000000005ecf000 JavaThread "Reference Handler" daemon [_thread_blocked, id=7732, stack(0x0000000006250000,0x0000000006350000)]
=>0x000000000246c000 JavaThread "main" [_thread_in_native, id=6584, stack(0x00000000027b0000,0x00000000028b0000)]

Other Threads:
  0x0000000005ec9000 VMThread [stack: 0x0000000006350000,0x0000000006450000] [id=4032]
  0x0000000005f83800 WatcherThread [stack: 0x0000000007d20000,0x0000000007e20000] [id=280]

VM state:not at safepoint (normal execution)

VM Mutex/Monitor currently owned by a thread: None

Heap
 PSYoungGen      total 19136K, used 4252K [0x00000000eaab0000, 0x00000000ec000000, 0x0000000100000000)
  eden space 16448K, 25% used [0x00000000eaab0000,0x00000000eaed7210,0x00000000ebac0000)
  from space 2688K, 0% used [0x00000000ebd60000,0x00000000ebd60000,0x00000000ec000000)
  to   space 2688K, 0% used [0x00000000ebac0000,0x00000000ebac0000,0x00000000ebd60000)
 PSOldGen        total 43712K, used 0K [0x00000000c0000000, 0x00000000c2ab0000, 0x00000000eaab0000)
  object space 43712K, 0% used [0x00000000c0000000,0x00000000c0000000,0x00000000c2ab0000)
 PSPermGen       total 21248K, used 4285K [0x00000000bae00000, 0x00000000bc2c0000, 0x00000000c0000000)
  object space 21248K, 20% used [0x00000000bae00000,0x00000000bb22f6f8,0x00000000bc2c0000)

Code Cache  [0x00000000028b0000, 0x0000000002b20000, 0x00000000058b0000)
 total_blobs=310 nmethods=15 adapters=256 free_code_cache=48687Kb largest_free_block=49842240

Dynamic libraries:
0x000000013fb30000 - 0x000000013fb63000 	C:\Program Files\Java\jre7\bin\javaw.exe
0x0000000077c50000 - 0x0000000077df9000 	C:\Windows\SYSTEM32\ntdll.dll
0x0000000077b30000 - 0x0000000077c4f000 	C:\Windows\system32\kernel32.dll
0x000007fefd110000 - 0x000007fefd17c000 	C:\Windows\system32\KERNELBASE.dll
0x000007fefee10000 - 0x000007fefeeeb000 	C:\Windows\system32\ADVAPI32.dll
0x000007fefde30000 - 0x000007fefdecf000 	C:\Windows\system32\msvcrt.dll
0x000007feff3e0000 - 0x000007feff3ff000 	C:\Windows\SYSTEM32\sechost.dll
0x000007fefdf50000 - 0x000007fefe07d000 	C:\Windows\system32\RPCRT4.dll
0x0000000077a30000 - 0x0000000077b2a000 	C:\Windows\system32\USER32.dll
0x000007feff260000 - 0x000007feff2c7000 	C:\Windows\system32\GDI32.dll
0x000007feff400000 - 0x000007feff40e000 	C:\Windows\system32\LPK.dll
0x000007feff110000 - 0x000007feff1d9000 	C:\Windows\system32\USP10.dll
0x000007fefb7f0000 - 0x000007fefb9e4000 	C:\Windows\WinSxS\amd64_microsoft.windows.common-controls_6595b64144ccf1df_6.0.7601.17514_none_fa396087175ac9ac\COMCTL32.dll
0x000007fefded0000 - 0x000007fefdf41000 	C:\Windows\system32\SHLWAPI.dll
0x000007fefde00000 - 0x000007fefde2e000 	C:\Windows\system32\IMM32.DLL
0x000007feff2d0000 - 0x000007feff3d9000 	C:\Windows\system32\MSCTF.dll
0x0000000180000000 - 0x0000000180064000 	C:\Windows\system32\guard64.dll
0x000007fefd040000 - 0x000007fefd049000 	C:\Windows\system32\fltlib.dll
0x000000006b660000 - 0x000000006b731000 	C:\Program Files\Java\jre7\bin\msvcr100.dll
0x0000000062e40000 - 0x000000006351a000 	C:\Program Files\Java\jre7\bin\server\jvm.dll
0x000007fef3500000 - 0x000007fef3509000 	C:\Windows\system32\WSOCK32.dll
0x000007feff0c0000 - 0x000007feff10d000 	C:\Windows\system32\WS2_32.dll
0x000007feff410000 - 0x000007feff418000 	C:\Windows\system32\NSI.dll
0x000007fefb160000 - 0x000007fefb19b000 	C:\Windows\system32\WINMM.dll
0x0000000077e10000 - 0x0000000077e17000 	C:\Windows\system32\PSAPI.DLL
0x00000000744c0000 - 0x00000000744cf000 	C:\Program Files\Java\jre7\bin\verify.dll
0x000000006f400000 - 0x000000006f428000 	C:\Program Files\Java\jre7\bin\java.dll
0x000000006b580000 - 0x000000006b5b5000 	C:\Program Files\Java\jre7\bin\jdwp.dll
0x000000006b610000 - 0x000000006b618000 	C:\Program Files\Java\jre7\bin\npt.dll
0x00000000744a0000 - 0x00000000744b5000 	C:\Program Files\Java\jre7\bin\zip.dll
0x000000006f3f0000 - 0x000000006f3f9000 	C:\Program Files\Java\jre7\bin\dt_socket.dll
0x000007fefa9a0000 - 0x000007fefa9b5000 	C:\Windows\system32\NLAapi.dll
0x000007fef5a50000 - 0x000007fef5a65000 	C:\Windows\system32\napinsp.dll
0x000007fef5a70000 - 0x000007fef5a89000 	C:\Windows\system32\pnrpnsp.dll
0x000007fefc740000 - 0x000007fefc795000 	C:\Windows\System32\mswsock.dll
0x000007fefc5c0000 - 0x000007fefc61b000 	C:\Windows\system32\DNSAPI.dll
0x000007fef5a00000 - 0x000007fef5a0b000 	C:\Windows\System32\winrnr.dll
0x000007fef7940000 - 0x000007fef796f000 	C:\Program Files\Common Files\Microsoft Shared\Windows Live\WLIDNSP.DLL
0x0000000070e20000 - 0x0000000070e46000 	C:\Program Files\Bonjour\mdnsNSP.dll
0x000007fef9c80000 - 0x000007fef9ca7000 	C:\Windows\system32\Iphlpapi.DLL
0x000007fef9c40000 - 0x000007fef9c4b000 	C:\Windows\system32\WINNSI.DLL
0x000007fef9b70000 - 0x000007fef9bc3000 	C:\Windows\System32\fwpuclnt.dll
0x000007fef7530000 - 0x000007fef7538000 	C:\Windows\system32\rasadhlp.dll
0x000007fefc0d0000 - 0x000007fefc0d7000 	C:\Windows\System32\wshtcpip.dll
0x00000000004c0000 - 0x0000000000510000 	C:\Users\Chris\Game Development\Java\lwjgl-2.8.5\native\windows\lwjgl64.dll
0x000007fef35f0000 - 0x000007fef370d000 	C:\Windows\system32\OPENGL32.dll
0x000007fef3590000 - 0x000007fef35bd000 	C:\Windows\system32\GLU32.dll
0x000007fef2500000 - 0x000007fef25f1000 	C:\Windows\system32\DDRAW.dll
0x000007fef3580000 - 0x000007fef3588000 	C:\Windows\system32\DCIMAN32.dll
0x000007fefd430000 - 0x000007fefd607000 	C:\Windows\system32\SETUPAPI.dll
0x000007fefd180000 - 0x000007fefd1b6000 	C:\Windows\system32\CFGMGR32.dll
0x000007fefd9a0000 - 0x000007fefda77000 	C:\Windows\system32\OLEAUT32.dll
0x000007fefd790000 - 0x000007fefd993000 	C:\Windows\system32\ole32.dll
0x000007fefd1c0000 - 0x000007fefd1da000 	C:\Windows\system32\DEVOBJ.dll
0x000007fefb1e0000 - 0x000007fefb1f8000 	C:\Windows\system32\dwmapi.dll
0x000007fefc000000 - 0x000007fefc00c000 	C:\Windows\system32\VERSION.dll
0x000007fefb610000 - 0x000007fefb666000 	C:\Windows\system32\uxtheme.dll
0x0000000066ee0000 - 0x00000000688c6000 	C:\Windows\system32\nvoglv64.DLL
0x000007fefe080000 - 0x000007fefee08000 	C:\Windows\system32\SHELL32.dll
0x000007fefaa90000 - 0x000007fefaabd000 	C:\Windows\system32\ntmarta.dll
0x000007feff1e0000 - 0x000007feff232000 	C:\Windows\system32\WLDAP32.dll
0x000007fefcf70000 - 0x000007fefcf7f000 	C:\Windows\system32\CRYPTBASE.dll
0x000007fef9390000 - 0x000007fef942c000 	C:\Windows\system32\mscms.dll
0x000007fefc210000 - 0x000007fefc22e000 	C:\Windows\system32\USERENV.dll
0x000007fefd050000 - 0x000007fefd05f000 	C:\Windows\system32\profapi.dll
0x000007feee4d0000 - 0x000007feee512000 	C:\Windows\system32\icm32.dll
0x000007fefcac0000 - 0x000007fefcbe5000 	C:\Windows\system32\dbghelp.dll

VM Arguments:
jvm_args: -agentlib:jdwp=transport=dt_socket,suspend=y,address=localhost:60943 -Djava.library.path=C:\Users\Chris\Game Development\Java\lwjgl-2.8.5\native\windows -Dfile.encoding=Cp1252 
java_command: me.tempus.src.Camera
Launcher Type: SUN_STANDARD

Environment Variables:
PATH=C:\Program Files (x86)\NVIDIA Corporation\PhysX\Common;C:\Program Files (x86)\WANdisco\Subversion;C:\Program Files\Common Files\Microsoft Shared\Windows Live;C:\Program Files (x86)\Common Files\Microsoft Shared\Windows Live;C:\Windows\system32;C:\Windows;C:\Windows\System32\Wbem;C:\Windows\System32\WindowsPowerShell\v1.0\;C:\Program Files\Java\jdk1.6.0_26\bin;C:\Python25;C:\Program Files (x86)\Windows Live\Shared;C:\Program Files (x86)\Git\cmd;C:\Program Files (x86)\Autodesk\Backburner\;C:\Program Files\Common Files\Autodesk Shared\;C:\MinGW\bin;C:\Program Files (x86)\CMake 2.8\bin
USERNAME=Chris
OS=Windows_NT
PROCESSOR_IDENTIFIER=AMD64 Family 15 Model 107 Stepping 2, AuthenticAMD



---------------  S Y S T E M  ---------------

OS: Windows 7 , 64 bit Build 7601 Service Pack 1

CPU:total 2 (2 cores per cpu, 1 threads per core) family 15 model 107 stepping 2, cmov, cx8, fxsr, mmx, sse, sse2, sse3, mmxext, 3dnowpref

Memory: 4k page, physical 4193848k(1081332k free), swap 8385840k(3172996k free)

vm_info: Java HotSpot(TM) 64-Bit Server VM (22.1-b02) for windows-amd64 JRE (1.7.0_03-b05), built on Feb  3 2012 20:43:56 by "java_re" with unknown MS VC++:1600

time: Tue Apr 02 00:27:30 2013
elapsed time: 1 seconds

